app/build/intermediates/manifest_merge_blame_file/release/manifest-merger-blame-release-report.txt
1<?xml version="1.0" encoding="utf-8"?>
2<manifest xmlns:android="http://schemas.android.com/apk/res/android"
3    package="com.cria.agora"
4    android:versionCode="10"
5    android:versionName="2.2" >
6
7    <uses-sdk
8        android:minSdkVersion="21"
8-->src\main\AndroidManifest.xml
9        android:targetSdkVersion="29" />
9-->src\main\AndroidManifest.xml
10
11    <uses-permission android:name="android.permission.INTERNET" />
11-->src\main\AndroidManifest.xml:6:5-67
11-->src\main\AndroidManifest.xml:6:22-64
12    <uses-permission android:name="android.permission.READ_EXTERNAL_STORAGE" />
12-->src\main\AndroidManifest.xml:7:5-80
12-->src\main\AndroidManifest.xml:7:22-77
13    <uses-permission android:name="android.permission.RECORD_AUDIO" />
13-->src\main\AndroidManifest.xml:8:5-71
13-->src\main\AndroidManifest.xml:8:22-68
14
15    <uses-feature android:name="android.hardware.screen.portrait" />
15-->src\main\AndroidManifest.xml:10:5-69
15-->src\main\AndroidManifest.xml:10:19-66
16
17    <uses-permission android:name="android.permission.ACCESS_NETWORK_STATE" />
17-->[com.firebaseui:firebase-ui-auth:4.3.2] AndroidManifest.xml:12:5-79
17-->[com.firebaseui:firebase-ui-auth:4.3.2] AndroidManifest.xml:12:22-76
18    <uses-permission android:name="android.permission.WAKE_LOCK" /> <!-- Required by older versions of Google Play services to create IID tokens -->
18-->[com.google.android.gms:play-services-measurement-api:17.2.0] AndroidManifest.xml:24:5-68
18-->[com.google.android.gms:play-services-measurement-api:17.2.0] AndroidManifest.xml:24:22-65
19    <uses-permission android:name="com.google.android.c2dm.permission.RECEIVE" />
19-->[com.google.firebase:firebase-iid:19.0.0] AndroidManifest.xml:26:5-82
19-->[com.google.firebase:firebase-iid:19.0.0] AndroidManifest.xml:26:22-79
20    <uses-permission android:name="com.google.android.finsky.permission.BIND_GET_INSTALL_REFERRER_SERVICE" />
20-->[com.google.android.gms:play-services-measurement:17.2.0] AndroidManifest.xml:26:5-110
20-->[com.google.android.gms:play-services-measurement:17.2.0] AndroidManifest.xml:26:22-107
21
22    <application
22-->src\main\AndroidManifest.xml:12:5-70:19
23        android:allowBackup="true"
23-->src\main\AndroidManifest.xml:13:9-35
24        android:appComponentFactory="androidx.core.app.CoreComponentFactory"
24-->[androidx.core:core:1.1.0] AndroidManifest.xml:24:18-86
25        android:icon="@drawable/logo_hi_cria"
25-->src\main\AndroidManifest.xml:14:9-46
26        android:label="@string/app_name"
26-->src\main\AndroidManifest.xml:15:9-41
27        android:roundIcon="@drawable/logo_hi_cria_rounded"
27-->src\main\AndroidManifest.xml:16:9-59
28        android:supportsRtl="true"
28-->src\main\AndroidManifest.xml:17:9-35
29        android:theme="@style/Theme.MaterialComponents.NoActionBar" >
29-->src\main\AndroidManifest.xml:18:9-68
30        <activity android:name="com.cria.agora.GameHangman" />
30-->src\main\AndroidManifest.xml:20:9-58
30-->src\main\AndroidManifest.xml:20:19-46
31        <activity android:name="com.cria.agora.fragAtv10" />
31-->src\main\AndroidManifest.xml:21:9-47
31-->src\main\AndroidManifest.xml:21:19-44
32        <activity android:name="com.cria.agora.GamePerformance" />
32-->src\main\AndroidManifest.xml:22:9-53
32-->src\main\AndroidManifest.xml:22:19-50
33        <activity android:name="com.cria.agora.GameBuildWords" />
33-->src\main\AndroidManifest.xml:23:9-52
33-->src\main\AndroidManifest.xml:23:19-49
34        <activity android:name="com.cria.agora.GameMatching" />
34-->src\main\AndroidManifest.xml:24:9-50
34-->src\main\AndroidManifest.xml:24:19-47
35        <activity android:name="com.cria.agora.PlayMemory" />
35-->src\main\AndroidManifest.xml:25:9-48
35-->src\main\AndroidManifest.xml:25:19-45
36        <activity android:name="com.cria.agora.MainGames" />
36-->src\main\AndroidManifest.xml:26:9-47
36-->src\main\AndroidManifest.xml:26:19-44
37        <activity
37-->src\main\AndroidManifest.xml:27:9-29:52
38            android:name="com.cria.agora.Cadastro"
38-->src\main\AndroidManifest.xml:28:13-37
39            android:screenOrientation="portrait" />
39-->src\main\AndroidManifest.xml:29:13-49
40        <activity
40-->src\main\AndroidManifest.xml:30:9-32:52
41            android:name="com.cria.agora.Performance"
41-->src\main\AndroidManifest.xml:31:13-40
42            android:screenOrientation="portrait" />
42-->src\main\AndroidManifest.xml:32:13-49
43        <activity
43-->src\main\AndroidManifest.xml:33:9-35:52
44            android:name="com.cria.agora.SetActivity"
44-->src\main\AndroidManifest.xml:34:13-40
45            android:screenOrientation="portrait" />
45-->src\main\AndroidManifest.xml:35:13-49
46        <activity
46-->src\main\AndroidManifest.xml:36:9-38:52
47            android:name="com.cria.agora.EscolhaTipoAtividade"
47-->src\main\AndroidManifest.xml:37:13-49
48            android:screenOrientation="portrait" />
48-->src\main\AndroidManifest.xml:38:13-49
49        <activity
49-->src\main\AndroidManifest.xml:39:9-41:52
50            android:name="com.cria.agora.MainAdm"
50-->src\main\AndroidManifest.xml:40:13-36
51            android:screenOrientation="portrait" />
51-->src\main\AndroidManifest.xml:41:13-49
52        <activity
52-->src\main\AndroidManifest.xml:42:9-44:52
53            android:name="com.cria.agora.Achivements"
53-->src\main\AndroidManifest.xml:43:13-40
54            android:screenOrientation="portrait" />
54-->src\main\AndroidManifest.xml:44:13-49
55        <activity
55-->src\main\AndroidManifest.xml:45:9-47:52
56            android:name="com.cria.agora.AvatarChoice"
56-->src\main\AndroidManifest.xml:46:13-41
57            android:screenOrientation="portrait" />
57-->src\main\AndroidManifest.xml:47:13-49
58        <activity
58-->src\main\AndroidManifest.xml:48:9-50:52
59            android:name="com.cria.agora.PaginaDeAtividades"
59-->src\main\AndroidManifest.xml:49:13-47
60            android:screenOrientation="portrait" />
60-->src\main\AndroidManifest.xml:50:13-49
61        <activity
61-->src\main\AndroidManifest.xml:51:9-53:52
62            android:name="com.cria.agora.Week"
62-->src\main\AndroidManifest.xml:52:13-33
63            android:screenOrientation="portrait" />
63-->src\main\AndroidManifest.xml:53:13-49
64        <activity
64-->src\main\AndroidManifest.xml:54:9-56:52
65            android:name="com.cria.agora.Atividades"
65-->src\main\AndroidManifest.xml:55:13-39
66            android:screenOrientation="portrait" />
66-->src\main\AndroidManifest.xml:56:13-49
67        <activity
67-->src\main\AndroidManifest.xml:57:9-60:52
68            android:name="com.cria.agora.MainActivity"
68-->src\main\AndroidManifest.xml:58:13-41
69            android:label="@string/title_activity_main"
69-->src\main\AndroidManifest.xml:59:13-56
70            android:screenOrientation="portrait" />
70-->src\main\AndroidManifest.xml:60:13-49
71        <activity
71-->src\main\AndroidManifest.xml:61:9-69:20
72            android:name="com.cria.agora.Login"
72-->src\main\AndroidManifest.xml:62:13-34
73            android:screenOrientation="portrait" >
73-->src\main\AndroidManifest.xml:63:13-49
74            <intent-filter>
74-->src\main\AndroidManifest.xml:64:13-68:29
75                <action android:name="android.intent.action.MAIN" />
75-->src\main\AndroidManifest.xml:65:17-69
75-->src\main\AndroidManifest.xml:65:25-66
76
77                <category android:name="android.intent.category.LAUNCHER" />
77-->src\main\AndroidManifest.xml:67:17-77
77-->src\main\AndroidManifest.xml:67:27-74
78            </intent-filter>
79        </activity>
80
81        <meta-data
81-->[com.firebaseui:firebase-ui-auth:4.3.2] AndroidManifest.xml:16:9-18:69
82            android:name="com.google.android.gms.version"
82-->[com.firebaseui:firebase-ui-auth:4.3.2] AndroidManifest.xml:17:13-58
83            android:value="@integer/google_play_services_version" />
83-->[com.firebaseui:firebase-ui-auth:4.3.2] AndroidManifest.xml:18:13-66
84        <meta-data
84-->[com.firebaseui:firebase-ui-auth:4.3.2] AndroidManifest.xml:19:9-21:63
85            android:name="com.facebook.sdk.ApplicationId"
85-->[com.firebaseui:firebase-ui-auth:4.3.2] AndroidManifest.xml:20:13-58
86            android:value="@string/facebook_application_id" />
86-->[com.firebaseui:firebase-ui-auth:4.3.2] AndroidManifest.xml:21:13-60
87
88        <activity
88-->[com.firebaseui:firebase-ui-auth:4.3.2] AndroidManifest.xml:23:9-27:61
89            android:name="com.firebase.ui.auth.KickoffActivity"
89-->[com.firebaseui:firebase-ui-auth:4.3.2] AndroidManifest.xml:24:13-64
90            android:exported="false"
90-->[com.firebaseui:firebase-ui-auth:4.3.2] AndroidManifest.xml:25:13-37
91            android:label=""
91-->[com.firebaseui:firebase-ui-auth:4.3.2] AndroidManifest.xml:26:13-29
92            android:theme="@style/FirebaseUI.Transparent" />
92-->[com.firebaseui:firebase-ui-auth:4.3.2] AndroidManifest.xml:27:13-58
93        <activity
93-->[com.firebaseui:firebase-ui-auth:4.3.2] AndroidManifest.xml:28:9-32:61
94            android:name="com.firebase.ui.auth.ui.idp.SingleSignInActivity"
94-->[com.firebaseui:firebase-ui-auth:4.3.2] AndroidManifest.xml:29:13-76
95            android:exported="false"
95-->[com.firebaseui:firebase-ui-auth:4.3.2] AndroidManifest.xml:30:13-37
96            android:label=""
96-->[com.firebaseui:firebase-ui-auth:4.3.2] AndroidManifest.xml:31:13-29
97            android:theme="@style/FirebaseUI.Transparent" />
97-->[com.firebaseui:firebase-ui-auth:4.3.2] AndroidManifest.xml:32:13-58
98        <activity
98-->[com.firebaseui:firebase-ui-auth:4.3.2] AndroidManifest.xml:33:9-37:61
99            android:name="com.firebase.ui.auth.ui.credentials.CredentialSaveActivity"
99-->[com.firebaseui:firebase-ui-auth:4.3.2] AndroidManifest.xml:34:13-86
100            android:exported="false"
100-->[com.firebaseui:firebase-ui-auth:4.3.2] AndroidManifest.xml:35:13-37
101            android:label=""
101-->[com.firebaseui:firebase-ui-auth:4.3.2] AndroidManifest.xml:36:13-29
102            android:theme="@style/FirebaseUI.Transparent" />
102-->[com.firebaseui:firebase-ui-auth:4.3.2] AndroidManifest.xml:37:13-58
103        <activity
103-->[com.firebaseui:firebase-ui-auth:4.3.2] AndroidManifest.xml:38:9-42:58
104            android:name="com.firebase.ui.auth.ui.email.RecoverPasswordActivity"
104-->[com.firebaseui:firebase-ui-auth:4.3.2] AndroidManifest.xml:39:13-81
105            android:exported="false"
105-->[com.firebaseui:firebase-ui-auth:4.3.2] AndroidManifest.xml:40:13-37
106            android:label="@string/fui_title_recover_password_activity"
106-->[com.firebaseui:firebase-ui-auth:4.3.2] AndroidManifest.xml:41:13-72
107            android:windowSoftInputMode="adjustResize" />
107-->[com.firebaseui:firebase-ui-auth:4.3.2] AndroidManifest.xml:42:13-55
108        <activity
108-->[com.firebaseui:firebase-ui-auth:4.3.2] AndroidManifest.xml:43:9-47:58
109            android:name="com.firebase.ui.auth.ui.email.EmailActivity"
109-->[com.firebaseui:firebase-ui-auth:4.3.2] AndroidManifest.xml:44:13-71
110            android:exported="false"
110-->[com.firebaseui:firebase-ui-auth:4.3.2] AndroidManifest.xml:45:13-37
111            android:label="@string/fui_sign_in_default"
111-->[com.firebaseui:firebase-ui-auth:4.3.2] AndroidManifest.xml:46:13-56
112            android:windowSoftInputMode="adjustResize" />
112-->[com.firebaseui:firebase-ui-auth:4.3.2] AndroidManifest.xml:47:13-55
113        <activity
113-->[com.firebaseui:firebase-ui-auth:4.3.2] AndroidManifest.xml:48:9-52:77
114            android:name="com.firebase.ui.auth.ui.phone.PhoneActivity"
114-->[com.firebaseui:firebase-ui-auth:4.3.2] AndroidManifest.xml:49:13-71
115            android:exported="false"
115-->[com.firebaseui:firebase-ui-auth:4.3.2] AndroidManifest.xml:50:13-37
116            android:label="@string/fui_sign_in_with_phone_number"
116-->[com.firebaseui:firebase-ui-auth:4.3.2] AndroidManifest.xml:51:13-66
117            android:windowSoftInputMode="adjustResize|stateAlwaysVisible" />
117-->[com.firebaseui:firebase-ui-auth:4.3.2] AndroidManifest.xml:52:13-74
118        <activity
118-->[com.firebaseui:firebase-ui-auth:4.3.2] AndroidManifest.xml:53:9-57:58
119            android:name="com.firebase.ui.auth.ui.idp.WelcomeBackIdpPrompt"
119-->[com.firebaseui:firebase-ui-auth:4.3.2] AndroidManifest.xml:54:13-76
120            android:exported="false"
120-->[com.firebaseui:firebase-ui-auth:4.3.2] AndroidManifest.xml:55:13-37
121            android:label="@string/fui_title_welcome_back_idp_prompt"
121-->[com.firebaseui:firebase-ui-auth:4.3.2] AndroidManifest.xml:56:13-70
122            android:windowSoftInputMode="adjustResize" />
122-->[com.firebaseui:firebase-ui-auth:4.3.2] AndroidManifest.xml:57:13-55
123        <activity
123-->[com.firebaseui:firebase-ui-auth:4.3.2] AndroidManifest.xml:58:9-62:58
124            android:name="com.firebase.ui.auth.ui.email.WelcomeBackPasswordPrompt"
124-->[com.firebaseui:firebase-ui-auth:4.3.2] AndroidManifest.xml:59:13-83
125            android:exported="false"
125-->[com.firebaseui:firebase-ui-auth:4.3.2] AndroidManifest.xml:60:13-37
126            android:label="@string/fui_title_welcome_back_password_prompt"
126-->[com.firebaseui:firebase-ui-auth:4.3.2] AndroidManifest.xml:61:13-75
127            android:windowSoftInputMode="adjustResize" />
127-->[com.firebaseui:firebase-ui-auth:4.3.2] AndroidManifest.xml:62:13-55
128        <activity
128-->[com.firebaseui:firebase-ui-auth:4.3.2] AndroidManifest.xml:63:9-67:58
129            android:name="com.firebase.ui.auth.ui.email.WelcomeBackEmailLinkPrompt"
129-->[com.firebaseui:firebase-ui-auth:4.3.2] AndroidManifest.xml:64:13-84
130            android:exported="false"
130-->[com.firebaseui:firebase-ui-auth:4.3.2] AndroidManifest.xml:65:13-37
131            android:label="@string/fui_title_welcome_back_password_prompt"
131-->[com.firebaseui:firebase-ui-auth:4.3.2] AndroidManifest.xml:66:13-75
132            android:windowSoftInputMode="adjustResize" />
132-->[com.firebaseui:firebase-ui-auth:4.3.2] AndroidManifest.xml:67:13-55
133        <activity
133-->[com.firebaseui:firebase-ui-auth:4.3.2] AndroidManifest.xml:68:9-73:58
134            android:name="com.firebase.ui.auth.ui.email.EmailLinkCatcherActivity"
134-->[com.firebaseui:firebase-ui-auth:4.3.2] AndroidManifest.xml:69:13-82
135            android:exported="false"
135-->[com.firebaseui:firebase-ui-auth:4.3.2] AndroidManifest.xml:70:13-37
136            android:label=""
136-->[com.firebaseui:firebase-ui-auth:4.3.2] AndroidManifest.xml:71:13-29
137            android:theme="@style/FirebaseUI.Transparent"
137-->[com.firebaseui:firebase-ui-auth:4.3.2] AndroidManifest.xml:72:13-58
138            android:windowSoftInputMode="adjustResize" />
138-->[com.firebaseui:firebase-ui-auth:4.3.2] AndroidManifest.xml:73:13-55
139        <activity
139-->[com.firebaseui:firebase-ui-auth:4.3.2] AndroidManifest.xml:74:9-78:58
140            android:name="com.firebase.ui.auth.ui.email.EmailLinkErrorRecoveryActivity"
140-->[com.firebaseui:firebase-ui-auth:4.3.2] AndroidManifest.xml:75:13-88
141            android:exported="false"
141-->[com.firebaseui:firebase-ui-auth:4.3.2] AndroidManifest.xml:76:13-37
142            android:label="@string/fui_sign_in_default"
142-->[com.firebaseui:firebase-ui-auth:4.3.2] AndroidManifest.xml:77:13-56
143            android:windowSoftInputMode="adjustResize" />
143-->[com.firebaseui:firebase-ui-auth:4.3.2] AndroidManifest.xml:78:13-55
144        <activity
144-->[com.firebaseui:firebase-ui-auth:4.3.2] AndroidManifest.xml:79:9-82:65
145            android:name="com.firebase.ui.auth.ui.idp.AuthMethodPickerActivity"
145-->[com.firebaseui:firebase-ui-auth:4.3.2] AndroidManifest.xml:80:13-80
146            android:exported="false"
146-->[com.firebaseui:firebase-ui-auth:4.3.2] AndroidManifest.xml:81:13-37
147            android:label="@string/fui_default_toolbar_title" />
147-->[com.firebaseui:firebase-ui-auth:4.3.2] AndroidManifest.xml:82:13-62
148        <activity
148-->[com.firebaseui:firebase-ui-auth:4.3.2] AndroidManifest.xml:83:9-87:48
149            android:name="com.facebook.FacebookActivity"
149-->[com.firebaseui:firebase-ui-auth:4.3.2] AndroidManifest.xml:84:13-57
150            android:configChanges="keyboard|keyboardHidden|screenLayout|screenSize|orientation"
150-->[com.firebaseui:firebase-ui-auth:4.3.2] AndroidManifest.xml:85:13-96
151            android:label="@string/app_name" />
151-->[com.firebaseui:firebase-ui-auth:4.3.2] AndroidManifest.xml:86:13-45
152        <activity
152-->[com.firebaseui:firebase-ui-auth:4.3.2] AndroidManifest.xml:88:9-100:20
153            android:name="com.facebook.CustomTabActivity"
153-->[com.firebaseui:firebase-ui-auth:4.3.2] AndroidManifest.xml:89:13-58
154            android:exported="true" >
154-->[com.firebaseui:firebase-ui-auth:4.3.2] AndroidManifest.xml:90:13-36
155            <intent-filter>
155-->[com.firebaseui:firebase-ui-auth:4.3.2] AndroidManifest.xml:92:13-99:29
156                <action android:name="android.intent.action.VIEW" />
156-->[com.firebaseui:firebase-ui-auth:4.3.2] AndroidManifest.xml:93:17-69
156-->[com.firebaseui:firebase-ui-auth:4.3.2] AndroidManifest.xml:93:25-66
157
158                <category android:name="android.intent.category.DEFAULT" />
158-->[com.firebaseui:firebase-ui-auth:4.3.2] AndroidManifest.xml:95:17-76
158-->[com.firebaseui:firebase-ui-auth:4.3.2] AndroidManifest.xml:95:27-73
159                <category android:name="android.intent.category.BROWSABLE" />
159-->[com.firebaseui:firebase-ui-auth:4.3.2] AndroidManifest.xml:96:17-78
159-->[com.firebaseui:firebase-ui-auth:4.3.2] AndroidManifest.xml:96:27-75
160
161                <data android:scheme="@string/facebook_login_protocol_scheme" />
161-->[com.firebaseui:firebase-ui-auth:4.3.2] AndroidManifest.xml:98:17-81
161-->[com.firebaseui:firebase-ui-auth:4.3.2] AndroidManifest.xml:98:23-78
162            </intent-filter>
163        </activity>
164
165        <provider
165-->[com.firebaseui:firebase-ui-auth:4.3.2] AndroidManifest.xml:102:9-106:38
166            android:name="com.firebase.ui.auth.data.client.AuthUiInitProvider"
166-->[com.firebaseui:firebase-ui-auth:4.3.2] AndroidManifest.xml:103:13-79
167            android:authorities="com.cria.agora.authuiinitprovider"
167-->[com.firebaseui:firebase-ui-auth:4.3.2] AndroidManifest.xml:104:13-70
168            android:exported="false"
168-->[com.firebaseui:firebase-ui-auth:4.3.2] AndroidManifest.xml:105:13-37
169            android:initOrder="90" />
169-->[com.firebaseui:firebase-ui-auth:4.3.2] AndroidManifest.xml:106:13-35
170
171        <service
171-->[com.google.firebase:firebase-database:19.1.0] AndroidManifest.xml:29:9-35:19
172            android:name="com.google.firebase.components.ComponentDiscoveryService"
172-->[com.google.firebase:firebase-database:19.1.0] AndroidManifest.xml:30:13-84
173            android:directBootAware="true"
173-->[com.google.firebase:firebase-common:19.3.0] AndroidManifest.xml:34:13-43
174            android:exported="false" >
174-->[com.google.firebase:firebase-database:19.1.0] AndroidManifest.xml:31:13-37
175            <meta-data
175-->[com.google.firebase:firebase-database:19.1.0] AndroidManifest.xml:32:13-34:85
176                android:name="com.google.firebase.components:com.google.firebase.database.DatabaseRegistrar"
176-->[com.google.firebase:firebase-database:19.1.0] AndroidManifest.xml:33:17-109
177                android:value="com.google.firebase.components.ComponentRegistrar" />
177-->[com.google.firebase:firebase-database:19.1.0] AndroidManifest.xml:34:17-82
178            <meta-data
178-->[com.google.firebase:firebase-storage:19.1.0] AndroidManifest.xml:33:13-35:85
179                android:name="com.google.firebase.components:com.google.firebase.storage.StorageRegistrar"
179-->[com.google.firebase:firebase-storage:19.1.0] AndroidManifest.xml:34:17-107
180                android:value="com.google.firebase.components.ComponentRegistrar" />
180-->[com.google.firebase:firebase-storage:19.1.0] AndroidManifest.xml:35:17-82
181            <meta-data
181-->[com.google.firebase:firebase-auth:19.1.0] AndroidManifest.xml:36:13-38:85
182                android:name="com.google.firebase.components:com.google.firebase.auth.FirebaseAuthRegistrar"
182-->[com.google.firebase:firebase-auth:19.1.0] AndroidManifest.xml:37:17-109
183                android:value="com.google.firebase.components.ComponentRegistrar" />
183-->[com.google.firebase:firebase-auth:19.1.0] AndroidManifest.xml:38:17-82
184            <meta-data
184-->[com.google.firebase:firebase-firestore:21.4.1] AndroidManifest.xml:20:13-22:85
185                android:name="com.google.firebase.components:com.google.firebase.firestore.FirestoreRegistrar"
185-->[com.google.firebase:firebase-firestore:21.4.1] AndroidManifest.xml:21:17-111
186                android:value="com.google.firebase.components.ComponentRegistrar" />
186-->[com.google.firebase:firebase-firestore:21.4.1] AndroidManifest.xml:22:17-82
187            <meta-data
187-->[com.google.android.gms:play-services-measurement-api:17.2.0] AndroidManifest.xml:30:13-32:85
188                android:name="com.google.firebase.components:com.google.firebase.analytics.connector.internal.AnalyticsConnectorRegistrar"
188-->[com.google.android.gms:play-services-measurement-api:17.2.0] AndroidManifest.xml:31:17-139
189                android:value="com.google.firebase.components.ComponentRegistrar" />
189-->[com.google.android.gms:play-services-measurement-api:17.2.0] AndroidManifest.xml:32:17-82
190            <meta-data
190-->[com.google.firebase:firebase-iid:19.0.0] AndroidManifest.xml:32:13-34:85
191                android:name="com.google.firebase.components:com.google.firebase.iid.Registrar"
191-->[com.google.firebase:firebase-iid:19.0.0] AndroidManifest.xml:33:17-96
192                android:value="com.google.firebase.components.ComponentRegistrar" />
192-->[com.google.firebase:firebase-iid:19.0.0] AndroidManifest.xml:34:17-82
193        </service>
194
195        <activity
195-->[com.google.firebase:firebase-auth:19.1.0] AndroidManifest.xml:24:9-31:50
196            android:name="com.google.firebase.auth.internal.FederatedSignInActivity"
196-->[com.google.firebase:firebase-auth:19.1.0] AndroidManifest.xml:25:13-85
197            android:excludeFromRecents="true"
197-->[com.google.firebase:firebase-auth:19.1.0] AndroidManifest.xml:26:13-46
198            android:exported="true"
198-->[com.google.firebase:firebase-auth:19.1.0] AndroidManifest.xml:27:13-36
199            android:launchMode="singleTask"
199-->[com.google.firebase:firebase-auth:19.1.0] AndroidManifest.xml:28:13-44
200            android:permission="com.google.firebase.auth.api.gms.permission.LAUNCH_FEDERATED_SIGN_IN"
200-->[com.google.firebase:firebase-auth:19.1.0] AndroidManifest.xml:29:13-102
201            android:theme="@android:style/Theme.Translucent.NoTitleBar" />
201-->[com.google.firebase:firebase-auth:19.1.0] AndroidManifest.xml:30:13-72
202        <activity
202-->[com.google.android.gms:play-services-auth:16.0.1] AndroidManifest.xml:23:9-27:75
203            android:name="com.google.android.gms.auth.api.signin.internal.SignInHubActivity"
203-->[com.google.android.gms:play-services-auth:16.0.1] AndroidManifest.xml:24:13-93
204            android:excludeFromRecents="true"
204-->[com.google.android.gms:play-services-auth:16.0.1] AndroidManifest.xml:25:13-46
205            android:exported="false"
205-->[com.google.android.gms:play-services-auth:16.0.1] AndroidManifest.xml:26:13-37
206            android:theme="@android:style/Theme.Translucent.NoTitleBar" />
206-->[com.google.android.gms:play-services-auth:16.0.1] AndroidManifest.xml:27:13-72
207        <!--
208            Service handling Google Sign-In user revocation. For apps that do not integrate with
209            Google Sign-In, this service will never be started.
210        -->
211        <service
211-->[com.google.android.gms:play-services-auth:16.0.1] AndroidManifest.xml:33:9-36:110
212            android:name="com.google.android.gms.auth.api.signin.RevocationBoundService"
212-->[com.google.android.gms:play-services-auth:16.0.1] AndroidManifest.xml:34:13-89
213            android:exported="true"
213-->[com.google.android.gms:play-services-auth:16.0.1] AndroidManifest.xml:35:13-36
214            android:permission="com.google.android.gms.auth.api.signin.permission.REVOCATION_NOTIFICATION" />
214-->[com.google.android.gms:play-services-auth:16.0.1] AndroidManifest.xml:36:13-107
215
216        <receiver
216-->[com.google.firebase:firebase-iid:19.0.0] AndroidManifest.xml:37:9-44:20
217            android:name="com.google.firebase.iid.FirebaseInstanceIdReceiver"
217-->[com.google.firebase:firebase-iid:19.0.0] AndroidManifest.xml:38:13-78
218            android:exported="true"
218-->[com.google.firebase:firebase-iid:19.0.0] AndroidManifest.xml:39:13-36
219            android:permission="com.google.android.c2dm.permission.SEND" >
219-->[com.google.firebase:firebase-iid:19.0.0] AndroidManifest.xml:40:13-73
220            <intent-filter>
220-->[com.google.firebase:firebase-iid:19.0.0] AndroidManifest.xml:41:13-43:29
221                <action android:name="com.google.android.c2dm.intent.RECEIVE" />
221-->[com.google.firebase:firebase-iid:19.0.0] AndroidManifest.xml:42:17-81
221-->[com.google.firebase:firebase-iid:19.0.0] AndroidManifest.xml:42:25-78
222            </intent-filter>
223        </receiver>
224
225        <activity
225-->[com.google.android.gms:play-services-base:17.1.0] AndroidManifest.xml:23:9-26:75
226            android:name="com.google.android.gms.common.api.GoogleApiActivity"
226-->[com.google.android.gms:play-services-base:17.1.0] AndroidManifest.xml:24:13-79
227            android:exported="false"
227-->[com.google.android.gms:play-services-base:17.1.0] AndroidManifest.xml:25:13-37
228            android:theme="@android:style/Theme.Translucent.NoTitleBar" />
228-->[com.google.android.gms:play-services-base:17.1.0] AndroidManifest.xml:26:13-72
229
230        <provider
230-->[com.google.firebase:firebase-common:19.3.0] AndroidManifest.xml:26:9-30:39
231            android:name="com.google.firebase.provider.FirebaseInitProvider"
231-->[com.google.firebase:firebase-common:19.3.0] AndroidManifest.xml:27:13-77
232            android:authorities="com.cria.agora.firebaseinitprovider"
232-->[com.google.firebase:firebase-common:19.3.0] AndroidManifest.xml:28:13-72
233            android:exported="false"
233-->[com.google.firebase:firebase-common:19.3.0] AndroidManifest.xml:29:13-37
234            android:initOrder="100" />
234-->[com.google.firebase:firebase-common:19.3.0] AndroidManifest.xml:30:13-36
235
236        <receiver
236-->[com.google.android.gms:play-services-measurement:17.2.0] AndroidManifest.xml:29:9-33:20
237            android:name="com.google.android.gms.measurement.AppMeasurementReceiver"
237-->[com.google.android.gms:play-services-measurement:17.2.0] AndroidManifest.xml:30:13-85
238            android:enabled="true"
238-->[com.google.android.gms:play-services-measurement:17.2.0] AndroidManifest.xml:31:13-35
239            android:exported="false" >
239-->[com.google.android.gms:play-services-measurement:17.2.0] AndroidManifest.xml:32:13-37
240        </receiver>
241        <receiver
241-->[com.google.android.gms:play-services-measurement:17.2.0] AndroidManifest.xml:34:9-42:20
242            android:name="com.google.android.gms.measurement.AppMeasurementInstallReferrerReceiver"
242-->[com.google.android.gms:play-services-measurement:17.2.0] AndroidManifest.xml:35:13-100
243            android:enabled="true"
243-->[com.google.android.gms:play-services-measurement:17.2.0] AndroidManifest.xml:36:13-35
244            android:exported="true"
244-->[com.google.android.gms:play-services-measurement:17.2.0] AndroidManifest.xml:37:13-36
245            android:permission="android.permission.INSTALL_PACKAGES" >
245-->[com.google.android.gms:play-services-measurement:17.2.0] AndroidManifest.xml:38:13-69
246            <intent-filter>
246-->[com.google.android.gms:play-services-measurement:17.2.0] AndroidManifest.xml:39:13-41:29
247                <action android:name="com.android.vending.INSTALL_REFERRER" />
247-->[com.google.android.gms:play-services-measurement:17.2.0] AndroidManifest.xml:40:17-79
247-->[com.google.android.gms:play-services-measurement:17.2.0] AndroidManifest.xml:40:25-76
248            </intent-filter>
249        </receiver>
250
251        <service
251-->[com.google.android.gms:play-services-measurement:17.2.0] AndroidManifest.xml:44:9-47:40
252            android:name="com.google.android.gms.measurement.AppMeasurementService"
252-->[com.google.android.gms:play-services-measurement:17.2.0] AndroidManifest.xml:45:13-84
253            android:enabled="true"
253-->[com.google.android.gms:play-services-measurement:17.2.0] AndroidManifest.xml:46:13-35
254            android:exported="false" />
254-->[com.google.android.gms:play-services-measurement:17.2.0] AndroidManifest.xml:47:13-37
255        <service
255-->[com.google.android.gms:play-services-measurement:17.2.0] AndroidManifest.xml:48:9-52:72
256            android:name="com.google.android.gms.measurement.AppMeasurementJobService"
256-->[com.google.android.gms:play-services-measurement:17.2.0] AndroidManifest.xml:49:13-87
257            android:enabled="true"
257-->[com.google.android.gms:play-services-measurement:17.2.0] AndroidManifest.xml:50:13-35
258            android:exported="false"
258-->[com.google.android.gms:play-services-measurement:17.2.0] AndroidManifest.xml:51:13-37
259            android:permission="android.permission.BIND_JOB_SERVICE" />
259-->[com.google.android.gms:play-services-measurement:17.2.0] AndroidManifest.xml:52:13-69
260
261        <provider
261-->[androidx.lifecycle:lifecycle-process:2.1.0] AndroidManifest.xml:23:9-27:43